[2023-09-19 20:32:03] [background-preinit] INFO  o.h.validator.internal.util.Version - HV000001: Hibernate Validator 6.2.5.Final
[2023-09-19 20:32:03] [restartedMain] INFO  e.h.c.SwMileageServerApplicationKt - Starting SwMileageServerApplicationKt using Java 17.0.6 on localhost with PID 49239 (/Users/jang-yujin/Documents/development/capstone/sw-mileage-server-kt/admin/build/classes/kotlin/main started by jang-yujin in /Users/jang-yujin/Documents/development/capstone/sw-mileage-server-kt)
[2023-09-19 20:32:03] [restartedMain] INFO  e.h.c.SwMileageServerApplicationKt - The following 1 profile is active: "prod"
[2023-09-19 20:32:03] [restartedMain] INFO  o.s.b.d.e.DevToolsPropertyDefaultsPostProcessor - Devtools property defaults active! Set 'spring.devtools.add-properties' to 'false' to disable
[2023-09-19 20:32:03] [restartedMain] INFO  o.s.b.d.e.DevToolsPropertyDefaultsPostProcessor - For additional web related logging consider setting the 'logging.level.web' property to 'DEBUG'
[2023-09-19 20:32:04] [restartedMain] INFO  o.s.d.r.c.RepositoryConfigurationDelegate - Bootstrapping Spring Data JPA repositories in DEFAULT mode.
[2023-09-19 20:32:04] [restartedMain] INFO  o.s.d.r.c.RepositoryConfigurationDelegate - Finished Spring Data repository scanning in 47 ms. Found 5 JPA repository interfaces.
[2023-09-19 20:32:04] [restartedMain] INFO  o.s.b.w.e.tomcat.TomcatWebServer - Tomcat initialized with port(s): 8080 (http)
[2023-09-19 20:32:04] [restartedMain] INFO  o.a.coyote.http11.Http11NioProtocol - Initializing ProtocolHandler ["http-nio-8080"]
[2023-09-19 20:32:04] [restartedMain] INFO  o.a.catalina.core.StandardService - Starting service [Tomcat]
[2023-09-19 20:32:04] [restartedMain] INFO  o.a.catalina.core.StandardEngine - Starting Servlet engine: [Apache Tomcat/9.0.78]
[2023-09-19 20:32:04] [restartedMain] INFO  o.a.c.c.C.[Tomcat].[localhost].[/] - Initializing Spring embedded WebApplicationContext
[2023-09-19 20:32:04] [restartedMain] INFO  o.s.b.w.s.c.ServletWebServerApplicationContext - Root WebApplicationContext: initialization completed in 1393 ms
[2023-09-19 20:32:05] [restartedMain] INFO  com.zaxxer.hikari.HikariDataSource - HikariPool-1 - Starting...
[2023-09-19 20:32:05] [restartedMain] INFO  com.zaxxer.hikari.HikariDataSource - HikariPool-1 - Start completed.
[2023-09-19 20:32:05] [restartedMain] INFO  o.s.b.a.h.H2ConsoleAutoConfiguration - H2 console available at '/h2-console'. Database available at 'jdbc:mariadb://walab.handong.edu/sw_mileage?user=sw_mileage&password=***&profileSQL=true&rewriteBatchedStatements=true&logger=Slf4JLogger&maxQuerySizeToLog=999999'
[2023-09-19 20:32:05] [restartedMain] INFO  o.h.jpa.internal.util.LogHelper - HHH000204: Processing PersistenceUnitInfo [name: default]
[2023-09-19 20:32:05] [restartedMain] INFO  org.hibernate.Version - HHH000412: Hibernate ORM core version 5.6.15.Final
[2023-09-19 20:32:05] [restartedMain] INFO  o.h.annotations.common.Version - HCANN000001: Hibernate Commons Annotations {5.1.2.Final}
[2023-09-19 20:32:05] [restartedMain] INFO  org.hibernate.dialect.Dialect - HHH000400: Using dialect: org.hibernate.dialect.MariaDBDialect
[2023-09-19 20:32:07] [restartedMain] INFO  o.h.e.t.j.p.i.JtaPlatformInitiator - HHH000490: Using JtaPlatform implementation: [org.hibernate.engine.transaction.jta.platform.internal.NoJtaPlatform]
[2023-09-19 20:32:07] [restartedMain] INFO  o.s.o.j.LocalContainerEntityManagerFactoryBean - Initialized JPA EntityManagerFactory for persistence unit 'default'
[2023-09-19 20:32:08] [restartedMain] INFO  o.s.b.d.a.OptionalLiveReloadServer - LiveReload server is running on port 35729
[2023-09-19 20:32:08] [restartedMain] INFO  o.s.b.a.e.web.EndpointLinksResolver - Exposing 1 endpoint(s) beneath base path '/actuator'
[2023-09-19 20:32:08] [restartedMain] INFO  o.a.coyote.http11.Http11NioProtocol - Starting ProtocolHandler ["http-nio-8080"]
[2023-09-19 20:32:08] [restartedMain] INFO  o.s.b.w.e.tomcat.TomcatWebServer - Tomcat started on port(s): 8080 (http) with context path ''
[2023-09-19 20:32:08] [restartedMain] INFO  e.h.c.SwMileageServerApplicationKt - Started SwMileageServerApplicationKt in 5.619 seconds (JVM running for 6.284)
[2023-09-19 20:32:08] [RMI TCP Connection(3)-127.0.0.1] INFO  o.a.c.c.C.[Tomcat].[localhost].[/] - Initializing Spring DispatcherServlet 'dispatcherServlet'
[2023-09-19 20:32:08] [RMI TCP Connection(3)-127.0.0.1] INFO  o.s.web.servlet.DispatcherServlet - Initializing Servlet 'dispatcherServlet'
[2023-09-19 20:32:08] [RMI TCP Connection(3)-127.0.0.1] INFO  o.s.web.servlet.DispatcherServlet - Completed initialization in 1 ms
[2023-09-19 20:38:37] [background-preinit] INFO  o.h.validator.internal.util.Version - HV000001: Hibernate Validator 6.2.5.Final
[2023-09-19 20:38:37] [restartedMain] INFO  e.h.c.SwMileageServerApplicationKt - Starting SwMileageServerApplicationKt using Java 17.0.6 on localhost with PID 51223 (/Users/jang-yujin/Documents/development/capstone/sw-mileage-server-kt/admin/build/classes/kotlin/main started by jang-yujin in /Users/jang-yujin/Documents/development/capstone/sw-mileage-server-kt)
[2023-09-19 20:38:37] [restartedMain] INFO  e.h.c.SwMileageServerApplicationKt - The following 1 profile is active: "prod"
[2023-09-19 20:38:37] [restartedMain] INFO  o.s.b.d.e.DevToolsPropertyDefaultsPostProcessor - Devtools property defaults active! Set 'spring.devtools.add-properties' to 'false' to disable
[2023-09-19 20:38:37] [restartedMain] INFO  o.s.b.d.e.DevToolsPropertyDefaultsPostProcessor - For additional web related logging consider setting the 'logging.level.web' property to 'DEBUG'
[2023-09-19 20:38:37] [restartedMain] INFO  o.s.d.r.c.RepositoryConfigurationDelegate - Bootstrapping Spring Data JPA repositories in DEFAULT mode.
[2023-09-19 20:38:37] [restartedMain] INFO  o.s.d.r.c.RepositoryConfigurationDelegate - Finished Spring Data repository scanning in 42 ms. Found 5 JPA repository interfaces.
[2023-09-19 20:38:38] [restartedMain] INFO  o.s.b.w.e.tomcat.TomcatWebServer - Tomcat initialized with port(s): 8080 (http)
[2023-09-19 20:38:38] [restartedMain] INFO  o.a.coyote.http11.Http11NioProtocol - Initializing ProtocolHandler ["http-nio-8080"]
[2023-09-19 20:38:38] [restartedMain] INFO  o.a.catalina.core.StandardService - Starting service [Tomcat]
[2023-09-19 20:38:38] [restartedMain] INFO  o.a.catalina.core.StandardEngine - Starting Servlet engine: [Apache Tomcat/9.0.78]
[2023-09-19 20:38:38] [restartedMain] INFO  o.a.c.c.C.[Tomcat].[localhost].[/] - Initializing Spring embedded WebApplicationContext
[2023-09-19 20:38:38] [restartedMain] INFO  o.s.b.w.s.c.ServletWebServerApplicationContext - Root WebApplicationContext: initialization completed in 1333 ms
[2023-09-19 20:38:38] [restartedMain] INFO  com.zaxxer.hikari.HikariDataSource - HikariPool-1 - Starting...
[2023-09-19 20:38:38] [restartedMain] INFO  com.zaxxer.hikari.HikariDataSource - HikariPool-1 - Start completed.
[2023-09-19 20:38:38] [restartedMain] INFO  o.s.b.a.h.H2ConsoleAutoConfiguration - H2 console available at '/h2-console'. Database available at 'jdbc:mariadb://walab.handong.edu/sw_mileage?user=sw_mileage&password=***&profileSQL=true&rewriteBatchedStatements=true&logger=Slf4JLogger&maxQuerySizeToLog=999999'
[2023-09-19 20:38:38] [restartedMain] INFO  o.h.jpa.internal.util.LogHelper - HHH000204: Processing PersistenceUnitInfo [name: default]
[2023-09-19 20:38:38] [restartedMain] INFO  org.hibernate.Version - HHH000412: Hibernate ORM core version 5.6.15.Final
[2023-09-19 20:38:38] [restartedMain] INFO  o.h.annotations.common.Version - HCANN000001: Hibernate Commons Annotations {5.1.2.Final}
[2023-09-19 20:38:39] [restartedMain] INFO  org.hibernate.dialect.Dialect - HHH000400: Using dialect: org.hibernate.dialect.MariaDBDialect
[2023-09-19 20:38:40] [restartedMain] INFO  o.h.e.t.j.p.i.JtaPlatformInitiator - HHH000490: Using JtaPlatform implementation: [org.hibernate.engine.transaction.jta.platform.internal.NoJtaPlatform]
[2023-09-19 20:38:40] [restartedMain] INFO  o.s.o.j.LocalContainerEntityManagerFactoryBean - Initialized JPA EntityManagerFactory for persistence unit 'default'
[2023-09-19 20:38:41] [restartedMain] INFO  o.s.b.d.a.OptionalLiveReloadServer - LiveReload server is running on port 35729
[2023-09-19 20:38:41] [restartedMain] INFO  o.s.b.a.e.web.EndpointLinksResolver - Exposing 1 endpoint(s) beneath base path '/actuator'
[2023-09-19 20:38:41] [restartedMain] INFO  o.a.coyote.http11.Http11NioProtocol - Starting ProtocolHandler ["http-nio-8080"]
[2023-09-19 20:38:41] [restartedMain] INFO  o.s.b.w.e.tomcat.TomcatWebServer - Tomcat started on port(s): 8080 (http) with context path ''
[2023-09-19 20:38:41] [restartedMain] INFO  e.h.c.SwMileageServerApplicationKt - Started SwMileageServerApplicationKt in 4.441 seconds (JVM running for 5.05)
[2023-09-19 20:38:41] [RMI TCP Connection(2)-127.0.0.1] INFO  o.a.c.c.C.[Tomcat].[localhost].[/] - Initializing Spring DispatcherServlet 'dispatcherServlet'
[2023-09-19 20:38:41] [RMI TCP Connection(2)-127.0.0.1] INFO  o.s.web.servlet.DispatcherServlet - Initializing Servlet 'dispatcherServlet'
[2023-09-19 20:38:41] [RMI TCP Connection(2)-127.0.0.1] INFO  o.s.web.servlet.DispatcherServlet - Completed initialization in 1 ms
[2023-09-19 20:39:07] [http-nio-8080-exec-1] INFO  o.a.tomcat.util.http.parser.Cookie - A cookie header was received [g_state={"i_l":0}] that contained an invalid cookie. That cookie will be ignored.
 Note: further occurrences of this error will be logged at DEBUG level.
[2023-09-19 20:39:08] [http-nio-8080-exec-10] INFO  o.s.api.AbstractOpenApiResource - Init duration for springdoc-openapi is: 490 ms
[2023-09-19 20:42:08] [SpringApplicationShutdownHook] INFO  o.s.o.j.LocalContainerEntityManagerFactoryBean - Closing JPA EntityManagerFactory for persistence unit 'default'
[2023-09-19 20:42:08] [SpringApplicationShutdownHook] INFO  com.zaxxer.hikari.HikariDataSource - HikariPool-1 - Shutdown initiated...
[2023-09-19 20:42:09] [SpringApplicationShutdownHook] INFO  com.zaxxer.hikari.HikariDataSource - HikariPool-1 - Shutdown completed.
[2023-09-19 20:42:20] [background-preinit] INFO  o.h.validator.internal.util.Version - HV000001: Hibernate Validator 6.2.5.Final
[2023-09-19 20:42:20] [restartedMain] INFO  e.h.c.SwMileageServerApplicationKt - Starting SwMileageServerApplicationKt using Java 17.0.6 on localhost with PID 52237 (/Users/jang-yujin/Documents/development/capstone/sw-mileage-server-kt/admin/build/classes/kotlin/main started by jang-yujin in /Users/jang-yujin/Documents/development/capstone/sw-mileage-server-kt)
[2023-09-19 20:42:20] [restartedMain] INFO  e.h.c.SwMileageServerApplicationKt - The following 1 profile is active: "prod"
[2023-09-19 20:42:20] [restartedMain] INFO  o.s.b.d.e.DevToolsPropertyDefaultsPostProcessor - Devtools property defaults active! Set 'spring.devtools.add-properties' to 'false' to disable
[2023-09-19 20:42:20] [restartedMain] INFO  o.s.b.d.e.DevToolsPropertyDefaultsPostProcessor - For additional web related logging consider setting the 'logging.level.web' property to 'DEBUG'
[2023-09-19 20:42:21] [restartedMain] INFO  o.s.d.r.c.RepositoryConfigurationDelegate - Bootstrapping Spring Data JPA repositories in DEFAULT mode.
[2023-09-19 20:42:21] [restartedMain] INFO  o.s.d.r.c.RepositoryConfigurationDelegate - Finished Spring Data repository scanning in 64 ms. Found 5 JPA repository interfaces.
[2023-09-19 20:42:22] [restartedMain] INFO  o.s.b.w.e.tomcat.TomcatWebServer - Tomcat initialized with port(s): 8080 (http)
[2023-09-19 20:42:22] [restartedMain] INFO  o.a.coyote.http11.Http11NioProtocol - Initializing ProtocolHandler ["http-nio-8080"]
[2023-09-19 20:42:22] [restartedMain] INFO  o.a.catalina.core.StandardService - Starting service [Tomcat]
[2023-09-19 20:42:22] [restartedMain] INFO  o.a.catalina.core.StandardEngine - Starting Servlet engine: [Apache Tomcat/9.0.78]
[2023-09-19 20:42:22] [restartedMain] INFO  o.a.c.c.C.[Tomcat].[localhost].[/] - Initializing Spring embedded WebApplicationContext
[2023-09-19 20:42:22] [restartedMain] INFO  o.s.b.w.s.c.ServletWebServerApplicationContext - Root WebApplicationContext: initialization completed in 1867 ms
[2023-09-19 20:42:22] [restartedMain] INFO  com.zaxxer.hikari.HikariDataSource - HikariPool-1 - Starting...
[2023-09-19 20:42:22] [restartedMain] INFO  com.zaxxer.hikari.HikariDataSource - HikariPool-1 - Start completed.
[2023-09-19 20:42:22] [restartedMain] INFO  o.s.b.a.h.H2ConsoleAutoConfiguration - H2 console available at '/h2-console'. Database available at 'jdbc:mariadb://walab.handong.edu/sw_mileage?user=sw_mileage&password=***&profileSQL=true&rewriteBatchedStatements=true&logger=Slf4JLogger&maxQuerySizeToLog=999999'
[2023-09-19 20:42:22] [restartedMain] INFO  o.h.jpa.internal.util.LogHelper - HHH000204: Processing PersistenceUnitInfo [name: default]
[2023-09-19 20:42:23] [restartedMain] INFO  org.hibernate.Version - HHH000412: Hibernate ORM core version 5.6.15.Final
[2023-09-19 20:42:23] [restartedMain] INFO  o.h.annotations.common.Version - HCANN000001: Hibernate Commons Annotations {5.1.2.Final}
[2023-09-19 20:42:23] [restartedMain] INFO  org.hibernate.dialect.Dialect - HHH000400: Using dialect: org.hibernate.dialect.MariaDBDialect
[2023-09-19 20:42:24] [restartedMain] INFO  o.h.e.t.j.p.i.JtaPlatformInitiator - HHH000490: Using JtaPlatform implementation: [org.hibernate.engine.transaction.jta.platform.internal.NoJtaPlatform]
[2023-09-19 20:42:24] [restartedMain] INFO  o.s.o.j.LocalContainerEntityManagerFactoryBean - Initialized JPA EntityManagerFactory for persistence unit 'default'
[2023-09-19 20:42:25] [restartedMain] INFO  o.s.b.d.a.OptionalLiveReloadServer - LiveReload server is running on port 35729
[2023-09-19 20:42:25] [restartedMain] INFO  o.s.b.a.e.web.EndpointLinksResolver - Exposing 1 endpoint(s) beneath base path '/actuator'
[2023-09-19 20:42:25] [restartedMain] INFO  o.a.coyote.http11.Http11NioProtocol - Starting ProtocolHandler ["http-nio-8080"]
[2023-09-19 20:42:25] [restartedMain] INFO  o.s.b.w.e.tomcat.TomcatWebServer - Tomcat started on port(s): 8080 (http) with context path ''
[2023-09-19 20:42:25] [restartedMain] INFO  e.h.c.SwMileageServerApplicationKt - Started SwMileageServerApplicationKt in 5.98 seconds (JVM running for 6.79)
[2023-09-19 20:42:25] [RMI TCP Connection(6)-127.0.0.1] INFO  o.a.c.c.C.[Tomcat].[localhost].[/] - Initializing Spring DispatcherServlet 'dispatcherServlet'
[2023-09-19 20:42:25] [RMI TCP Connection(6)-127.0.0.1] INFO  o.s.web.servlet.DispatcherServlet - Initializing Servlet 'dispatcherServlet'
[2023-09-19 20:42:25] [RMI TCP Connection(6)-127.0.0.1] INFO  o.s.web.servlet.DispatcherServlet - Completed initialization in 1 ms
[2023-09-19 20:42:28] [http-nio-8080-exec-1] INFO  o.a.tomcat.util.http.parser.Cookie - A cookie header was received [g_state={"i_l":0}] that contained an invalid cookie. That cookie will be ignored.
 Note: further occurrences of this error will be logged at DEBUG level.
[2023-09-19 20:45:22] [File Watcher] INFO  o.s.b.d.a.LocalDevToolsAutoConfiguration$RestartingClassPathChangeChangedEventListener - Restarting due to 3 class path changes (0 additions, 0 deletions, 3 modifications)
[2023-09-19 20:45:22] [Thread-5] INFO  o.a.coyote.http11.Http11NioProtocol - Pausing ProtocolHandler ["http-nio-8080"]
[2023-09-19 20:45:22] [Thread-5] INFO  o.a.catalina.core.StandardService - Stopping service [Tomcat]
[2023-09-19 20:45:22] [Thread-5] INFO  o.a.c.c.C.[Tomcat].[localhost].[/] - Destroying Spring FrameworkServlet 'dispatcherServlet'
[2023-09-19 20:45:22] [Thread-5] INFO  o.a.coyote.http11.Http11NioProtocol - Stopping ProtocolHandler ["http-nio-8080"]
[2023-09-19 20:45:22] [Thread-5] INFO  o.a.coyote.http11.Http11NioProtocol - Destroying ProtocolHandler ["http-nio-8080"]
[2023-09-19 20:45:22] [Thread-5] INFO  o.s.o.j.LocalContainerEntityManagerFactoryBean - Closing JPA EntityManagerFactory for persistence unit 'default'
[2023-09-19 20:45:22] [Thread-5] INFO  com.zaxxer.hikari.HikariDataSource - HikariPool-1 - Shutdown initiated...
[2023-09-19 20:45:22] [Thread-5] INFO  com.zaxxer.hikari.HikariDataSource - HikariPool-1 - Shutdown completed.
[2023-09-19 20:49:05] [background-preinit] INFO  o.h.validator.internal.util.Version - HV000001: Hibernate Validator 6.2.5.Final
[2023-09-19 20:49:05] [restartedMain] INFO  e.h.c.SwMileageServerApplicationKt - Starting SwMileageServerApplicationKt using Java 17.0.6 on localhost with PID 54059 (/Users/jang-yujin/Documents/development/capstone/sw-mileage-server-kt/admin/build/classes/kotlin/main started by jang-yujin in /Users/jang-yujin/Documents/development/capstone/sw-mileage-server-kt)
[2023-09-19 20:49:05] [restartedMain] INFO  e.h.c.SwMileageServerApplicationKt - The following 1 profile is active: "prod"
[2023-09-19 20:49:05] [restartedMain] INFO  o.s.b.d.e.DevToolsPropertyDefaultsPostProcessor - Devtools property defaults active! Set 'spring.devtools.add-properties' to 'false' to disable
[2023-09-19 20:49:05] [restartedMain] INFO  o.s.b.d.e.DevToolsPropertyDefaultsPostProcessor - For additional web related logging consider setting the 'logging.level.web' property to 'DEBUG'
[2023-09-19 20:49:06] [restartedMain] INFO  o.s.d.r.c.RepositoryConfigurationDelegate - Bootstrapping Spring Data JPA repositories in DEFAULT mode.
[2023-09-19 20:49:06] [restartedMain] INFO  o.s.d.r.c.RepositoryConfigurationDelegate - Finished Spring Data repository scanning in 37 ms. Found 5 JPA repository interfaces.
[2023-09-19 20:49:07] [restartedMain] INFO  o.s.b.w.e.tomcat.TomcatWebServer - Tomcat initialized with port(s): 8080 (http)
[2023-09-19 20:49:07] [restartedMain] INFO  o.a.coyote.http11.Http11NioProtocol - Initializing ProtocolHandler ["http-nio-8080"]
[2023-09-19 20:49:07] [restartedMain] INFO  o.a.catalina.core.StandardService - Starting service [Tomcat]
[2023-09-19 20:49:07] [restartedMain] INFO  o.a.catalina.core.StandardEngine - Starting Servlet engine: [Apache Tomcat/9.0.78]
[2023-09-19 20:49:07] [restartedMain] INFO  o.a.c.c.C.[Tomcat].[localhost].[/] - Initializing Spring embedded WebApplicationContext
[2023-09-19 20:49:07] [restartedMain] INFO  o.s.b.w.s.c.ServletWebServerApplicationContext - Root WebApplicationContext: initialization completed in 1215 ms
[2023-09-19 20:49:07] [restartedMain] INFO  com.zaxxer.hikari.HikariDataSource - HikariPool-1 - Starting...
[2023-09-19 20:49:07] [restartedMain] INFO  com.zaxxer.hikari.HikariDataSource - HikariPool-1 - Start completed.
[2023-09-19 20:49:07] [restartedMain] INFO  o.s.b.a.h.H2ConsoleAutoConfiguration - H2 console available at '/h2-console'. Database available at 'jdbc:mariadb://walab.handong.edu/sw_mileage?user=sw_mileage&password=***&profileSQL=true&rewriteBatchedStatements=true&logger=Slf4JLogger&maxQuerySizeToLog=999999'
[2023-09-19 20:49:07] [restartedMain] INFO  o.h.jpa.internal.util.LogHelper - HHH000204: Processing PersistenceUnitInfo [name: default]
[2023-09-19 20:49:07] [restartedMain] INFO  org.hibernate.Version - HHH000412: Hibernate ORM core version 5.6.15.Final
[2023-09-19 20:49:07] [restartedMain] INFO  o.h.annotations.common.Version - HCANN000001: Hibernate Commons Annotations {5.1.2.Final}
[2023-09-19 20:49:07] [restartedMain] INFO  org.hibernate.dialect.Dialect - HHH000400: Using dialect: org.hibernate.dialect.MariaDBDialect
[2023-09-19 20:49:08] [restartedMain] INFO  o.h.e.t.j.p.i.JtaPlatformInitiator - HHH000490: Using JtaPlatform implementation: [org.hibernate.engine.transaction.jta.platform.internal.NoJtaPlatform]
[2023-09-19 20:49:08] [restartedMain] INFO  o.s.o.j.LocalContainerEntityManagerFactoryBean - Initialized JPA EntityManagerFactory for persistence unit 'default'
[2023-09-19 20:49:09] [restartedMain] INFO  o.s.b.d.a.OptionalLiveReloadServer - LiveReload server is running on port 35729
[2023-09-19 20:49:09] [restartedMain] INFO  o.s.b.a.e.web.EndpointLinksResolver - Exposing 1 endpoint(s) beneath base path '/actuator'
[2023-09-19 20:49:09] [restartedMain] INFO  o.a.coyote.http11.Http11NioProtocol - Starting ProtocolHandler ["http-nio-8080"]
[2023-09-19 20:49:09] [restartedMain] INFO  o.s.b.w.e.tomcat.TomcatWebServer - Tomcat started on port(s): 8080 (http) with context path ''
[2023-09-19 20:49:09] [restartedMain] INFO  e.h.c.SwMileageServerApplicationKt - Started SwMileageServerApplicationKt in 3.79 seconds (JVM running for 4.178)
[2023-09-19 20:49:09] [RMI TCP Connection(3)-127.0.0.1] INFO  o.a.c.c.C.[Tomcat].[localhost].[/] - Initializing Spring DispatcherServlet 'dispatcherServlet'
[2023-09-19 20:49:09] [RMI TCP Connection(3)-127.0.0.1] INFO  o.s.web.servlet.DispatcherServlet - Initializing Servlet 'dispatcherServlet'
[2023-09-19 20:49:09] [RMI TCP Connection(3)-127.0.0.1] INFO  o.s.web.servlet.DispatcherServlet - Completed initialization in 1 ms
[2023-09-19 20:49:22] [http-nio-8080-exec-1] INFO  o.a.tomcat.util.http.parser.Cookie - A cookie header was received [g_state={"i_l":0}] that contained an invalid cookie. That cookie will be ignored.
 Note: further occurrences of this error will be logged at DEBUG level.
[2023-09-19 20:49:27] [http-nio-8080-exec-5] INFO  o.s.api.AbstractOpenApiResource - Init duration for springdoc-openapi is: 455 ms
[2023-09-19 21:05:58] [File Watcher] INFO  o.s.b.d.a.LocalDevToolsAutoConfiguration$RestartingClassPathChangeChangedEventListener - Restarting due to 97 class path changes (0 additions, 0 deletions, 97 modifications)
[2023-09-19 21:05:58] [Thread-5] INFO  o.a.coyote.http11.Http11NioProtocol - Pausing ProtocolHandler ["http-nio-8080"]
[2023-09-19 21:05:58] [Thread-5] INFO  o.a.catalina.core.StandardService - Stopping service [Tomcat]
[2023-09-19 21:05:58] [Thread-5] INFO  o.a.c.c.C.[Tomcat].[localhost].[/] - Destroying Spring FrameworkServlet 'dispatcherServlet'
[2023-09-19 21:05:58] [Thread-5] INFO  o.a.coyote.http11.Http11NioProtocol - Stopping ProtocolHandler ["http-nio-8080"]
[2023-09-19 21:05:58] [Thread-5] INFO  o.a.coyote.http11.Http11NioProtocol - Destroying ProtocolHandler ["http-nio-8080"]
[2023-09-19 21:05:58] [Thread-5] INFO  o.s.o.j.LocalContainerEntityManagerFactoryBean - Closing JPA EntityManagerFactory for persistence unit 'default'
[2023-09-19 21:05:58] [Thread-5] INFO  com.zaxxer.hikari.HikariDataSource - HikariPool-1 - Shutdown initiated...
[2023-09-19 21:05:58] [Thread-5] INFO  com.zaxxer.hikari.HikariDataSource - HikariPool-1 - Shutdown completed.
[2023-09-19 21:05:58] [restartedMain] INFO  e.h.c.SwMileageServerApplicationKt - Starting SwMileageServerApplicationKt using Java 17.0.6 on localhost with PID 54059 (/Users/jang-yujin/Documents/development/capstone/sw-mileage-server-kt/admin/build/classes/kotlin/main started by jang-yujin in /Users/jang-yujin/Documents/development/capstone/sw-mileage-server-kt)
[2023-09-19 21:05:58] [restartedMain] INFO  e.h.c.SwMileageServerApplicationKt - The following 1 profile is active: "prod"
[2023-09-19 21:05:58] [restartedMain] INFO  o.s.d.r.c.RepositoryConfigurationDelegate - Bootstrapping Spring Data JPA repositories in DEFAULT mode.
[2023-09-19 21:05:58] [restartedMain] INFO  o.s.d.r.c.RepositoryConfigurationDelegate - Finished Spring Data repository scanning in 28 ms. Found 5 JPA repository interfaces.
[2023-09-19 21:05:59] [restartedMain] INFO  o.s.b.w.e.tomcat.TomcatWebServer - Tomcat initialized with port(s): 8080 (http)
[2023-09-19 21:05:59] [restartedMain] INFO  o.a.coyote.http11.Http11NioProtocol - Initializing ProtocolHandler ["http-nio-8080"]
[2023-09-19 21:05:59] [restartedMain] INFO  o.a.catalina.core.StandardService - Starting service [Tomcat]
[2023-09-19 21:05:59] [restartedMain] INFO  o.a.catalina.core.StandardEngine - Starting Servlet engine: [Apache Tomcat/9.0.78]
[2023-09-19 21:05:59] [restartedMain] INFO  o.a.c.c.C.[Tomcat].[localhost].[/] - Initializing Spring embedded WebApplicationContext
[2023-09-19 21:05:59] [restartedMain] INFO  o.s.b.w.s.c.ServletWebServerApplicationContext - Root WebApplicationContext: initialization completed in 537 ms
[2023-09-19 21:05:59] [restartedMain] INFO  com.zaxxer.hikari.HikariDataSource - HikariPool-2 - Starting...
[2023-09-19 21:05:59] [restartedMain] INFO  com.zaxxer.hikari.HikariDataSource - HikariPool-2 - Start completed.
[2023-09-19 21:05:59] [restartedMain] INFO  o.s.b.a.h.H2ConsoleAutoConfiguration - H2 console available at '/h2-console'. Database available at 'jdbc:mariadb://walab.handong.edu/sw_mileage?user=sw_mileage&password=***&profileSQL=true&rewriteBatchedStatements=true&logger=Slf4JLogger&maxQuerySizeToLog=999999'
[2023-09-19 21:05:59] [restartedMain] INFO  o.h.jpa.internal.util.LogHelper - HHH000204: Processing PersistenceUnitInfo [name: default]
[2023-09-19 21:05:59] [restartedMain] INFO  org.hibernate.dialect.Dialect - HHH000400: Using dialect: org.hibernate.dialect.MariaDBDialect
[2023-09-19 21:06:01] [restartedMain] INFO  o.h.e.t.j.p.i.JtaPlatformInitiator - HHH000490: Using JtaPlatform implementation: [org.hibernate.engine.transaction.jta.platform.internal.NoJtaPlatform]
[2023-09-19 21:06:01] [restartedMain] INFO  o.s.o.j.LocalContainerEntityManagerFactoryBean - Initialized JPA EntityManagerFactory for persistence unit 'default'
[2023-09-19 21:06:01] [restartedMain] INFO  o.s.b.d.a.OptionalLiveReloadServer - LiveReload server is running on port 35729
[2023-09-19 21:06:01] [restartedMain] INFO  o.s.b.a.e.web.EndpointLinksResolver - Exposing 1 endpoint(s) beneath base path '/actuator'
[2023-09-19 21:06:01] [restartedMain] INFO  o.a.coyote.http11.Http11NioProtocol - Starting ProtocolHandler ["http-nio-8080"]
[2023-09-19 21:06:01] [restartedMain] INFO  o.s.b.w.e.tomcat.TomcatWebServer - Tomcat started on port(s): 8080 (http) with context path ''
[2023-09-19 21:06:01] [restartedMain] INFO  e.h.c.SwMileageServerApplicationKt - Started SwMileageServerApplicationKt in 3.337 seconds (JVM running for 1016.599)
[2023-09-19 21:06:01] [restartedMain] INFO  o.s.b.d.a.ConditionEvaluationDeltaLoggingListener - Condition evaluation unchanged
[2023-09-19 21:06:22] [File Watcher] INFO  o.s.b.d.a.LocalDevToolsAutoConfiguration$RestartingClassPathChangeChangedEventListener - Restarting due to 100 class path changes (0 additions, 0 deletions, 100 modifications)
[2023-09-19 21:06:22] [Thread-7] INFO  o.a.coyote.http11.Http11NioProtocol - Pausing ProtocolHandler ["http-nio-8080"]
[2023-09-19 21:06:22] [Thread-7] INFO  o.a.catalina.core.StandardService - Stopping service [Tomcat]
[2023-09-19 21:06:22] [Thread-7] INFO  o.a.coyote.http11.Http11NioProtocol - Stopping ProtocolHandler ["http-nio-8080"]
[2023-09-19 21:06:22] [Thread-7] INFO  o.a.coyote.http11.Http11NioProtocol - Destroying ProtocolHandler ["http-nio-8080"]
[2023-09-19 21:06:22] [Thread-7] INFO  o.s.o.j.LocalContainerEntityManagerFactoryBean - Closing JPA EntityManagerFactory for persistence unit 'default'
[2023-09-19 21:06:22] [Thread-7] INFO  com.zaxxer.hikari.HikariDataSource - HikariPool-2 - Shutdown initiated...
[2023-09-19 21:06:23] [Thread-7] INFO  com.zaxxer.hikari.HikariDataSource - HikariPool-2 - Shutdown completed.
[2023-09-19 21:16:02] [background-preinit] INFO  o.h.validator.internal.util.Version - HV000001: Hibernate Validator 6.2.5.Final
[2023-09-19 21:16:02] [restartedMain] INFO  e.h.c.SwMileageServerApplicationKt - Starting SwMileageServerApplicationKt using Java 17.0.6 on localhost with PID 61115 (/Users/jang-yujin/Documents/development/capstone/sw-mileage-server-kt/admin/build/classes/kotlin/main started by jang-yujin in /Users/jang-yujin/Documents/development/capstone/sw-mileage-server-kt)
[2023-09-19 21:16:02] [restartedMain] INFO  e.h.c.SwMileageServerApplicationKt - The following 1 profile is active: "prod"
[2023-09-19 21:16:02] [restartedMain] INFO  o.s.b.d.e.DevToolsPropertyDefaultsPostProcessor - Devtools property defaults active! Set 'spring.devtools.add-properties' to 'false' to disable
[2023-09-19 21:16:02] [restartedMain] INFO  o.s.b.d.e.DevToolsPropertyDefaultsPostProcessor - For additional web related logging consider setting the 'logging.level.web' property to 'DEBUG'
[2023-09-19 21:16:02] [restartedMain] INFO  o.s.d.r.c.RepositoryConfigurationDelegate - Bootstrapping Spring Data JPA repositories in DEFAULT mode.
[2023-09-19 21:16:02] [restartedMain] INFO  o.s.d.r.c.RepositoryConfigurationDelegate - Finished Spring Data repository scanning in 35 ms. Found 5 JPA repository interfaces.
[2023-09-19 21:16:03] [restartedMain] INFO  o.s.b.w.e.tomcat.TomcatWebServer - Tomcat initialized with port(s): 8080 (http)
[2023-09-19 21:16:03] [restartedMain] INFO  o.a.coyote.http11.Http11NioProtocol - Initializing ProtocolHandler ["http-nio-8080"]
[2023-09-19 21:16:03] [restartedMain] INFO  o.a.catalina.core.StandardService - Starting service [Tomcat]
[2023-09-19 21:16:03] [restartedMain] INFO  o.a.catalina.core.StandardEngine - Starting Servlet engine: [Apache Tomcat/9.0.78]
[2023-09-19 21:16:03] [restartedMain] INFO  o.a.c.c.C.[Tomcat].[localhost].[/] - Initializing Spring embedded WebApplicationContext
[2023-09-19 21:16:03] [restartedMain] INFO  o.s.b.w.s.c.ServletWebServerApplicationContext - Root WebApplicationContext: initialization completed in 1187 ms
[2023-09-19 21:16:03] [restartedMain] INFO  com.zaxxer.hikari.HikariDataSource - HikariPool-1 - Starting...
[2023-09-19 21:16:03] [restartedMain] INFO  com.zaxxer.hikari.HikariDataSource - HikariPool-1 - Start completed.
[2023-09-19 21:16:03] [restartedMain] INFO  o.s.b.a.h.H2ConsoleAutoConfiguration - H2 console available at '/h2-console'. Database available at 'jdbc:mariadb://walab.handong.edu/sw_mileage?user=sw_mileage&password=***&profileSQL=true&rewriteBatchedStatements=true&logger=Slf4JLogger&maxQuerySizeToLog=999999'
[2023-09-19 21:16:03] [restartedMain] INFO  o.h.jpa.internal.util.LogHelper - HHH000204: Processing PersistenceUnitInfo [name: default]
[2023-09-19 21:16:04] [restartedMain] INFO  org.hibernate.Version - HHH000412: Hibernate ORM core version 5.6.15.Final
[2023-09-19 21:16:04] [restartedMain] INFO  o.h.annotations.common.Version - HCANN000001: Hibernate Commons Annotations {5.1.2.Final}
[2023-09-19 21:16:04] [restartedMain] INFO  org.hibernate.dialect.Dialect - HHH000400: Using dialect: org.hibernate.dialect.MariaDBDialect
[2023-09-19 21:16:08] [restartedMain] INFO  o.h.e.t.j.p.i.JtaPlatformInitiator - HHH000490: Using JtaPlatform implementation: [org.hibernate.engine.transaction.jta.platform.internal.NoJtaPlatform]
[2023-09-19 21:16:08] [restartedMain] INFO  o.s.o.j.LocalContainerEntityManagerFactoryBean - Initialized JPA EntityManagerFactory for persistence unit 'default'
[2023-09-19 21:16:09] [restartedMain] INFO  o.s.b.d.a.OptionalLiveReloadServer - LiveReload server is running on port 35729
[2023-09-19 21:16:09] [restartedMain] INFO  o.s.b.a.e.web.EndpointLinksResolver - Exposing 1 endpoint(s) beneath base path '/actuator'
[2023-09-19 21:16:09] [restartedMain] INFO  o.a.coyote.http11.Http11NioProtocol - Starting ProtocolHandler ["http-nio-8080"]
[2023-09-19 21:16:09] [restartedMain] INFO  o.s.b.w.e.tomcat.TomcatWebServer - Tomcat started on port(s): 8080 (http) with context path ''
[2023-09-19 21:16:09] [restartedMain] INFO  e.h.c.SwMileageServerApplicationKt - Started SwMileageServerApplicationKt in 7.773 seconds (JVM running for 8.109)
[2023-09-19 21:16:09] [http-nio-8080-exec-1] INFO  o.a.tomcat.util.http.parser.Cookie - A cookie header was received [g_state={"i_l":0}] that contained an invalid cookie. That cookie will be ignored.
 Note: further occurrences of this error will be logged at DEBUG level.
[2023-09-19 21:16:09] [http-nio-8080-exec-1] INFO  o.a.c.c.C.[Tomcat].[localhost].[/] - Initializing Spring DispatcherServlet 'dispatcherServlet'
[2023-09-19 21:16:09] [http-nio-8080-exec-1] INFO  o.s.web.servlet.DispatcherServlet - Initializing Servlet 'dispatcherServlet'
[2023-09-19 21:16:09] [http-nio-8080-exec-1] INFO  o.s.web.servlet.DispatcherServlet - Completed initialization in 2 ms
[2023-09-19 21:16:10] [http-nio-8080-exec-4] INFO  o.s.api.AbstractOpenApiResource - Init duration for springdoc-openapi is: 537 ms
